<?xml version="1.0" encoding="UTF-8"?>
<testsuite name="com.bridgelabz.EmployeePayrollServiceTest" tests="1" skipped="0" failures="0" errors="0" timestamp="2021-06-27T16:03:51" hostname="DESKTOP-I19OHT9" time="2.812">
  <properties/>
  <testcase name="givenNewSalaryForEmployee_WhenUpdated_ShouldUpdateInTheDatabaseRecord" classname="com.bridgelabz.EmployeePayrollServiceTest" time="2.812"/>
  <system-out><![CDATA[Connection successfully established!com.mysql.cj.jdbc.ConnectionImpl@79f394c5
Bill
Terisa
Charlie
Connection successfully established!com.mysql.cj.jdbc.ConnectionImpl@1dc1456b
Connection successfully established!com.mysql.cj.jdbc.ConnectionImpl@1612c9bf
Bill
Terisa
Charlie
]]></system-out>
  <system-err><![CDATA[]]></system-err>
</testsuite>
