<?xml version="1.0" encoding="UTF-8"?>
<testsuite name="com.bridgelabz.EmployeePayrollServiceTest" tests="1" skipped="0" failures="0" errors="0" timestamp="2021-06-29T07:25:43" hostname="DESKTOP-I19OHT9" time="1.711">
  <properties/>
  <testcase name="givenEmployee_WhenRemovedFromDB_ShouldReturnCorrectEmployeeCount" classname="com.bridgelabz.EmployeePayrollServiceTest" time="1.711"/>
  <system-out><![CDATA[Connection successfully established!com.mysql.cj.jdbc.ConnectionImpl@579b26c1
Connection successfully established!com.mysql.cj.jdbc.ConnectionImpl@8d5a3fc
Error while executing the query
]]></system-out>
  <system-err><![CDATA[]]></system-err>
</testsuite>
